<?xml version="1.0" encoding="UTF-8"?>
<!-- Generated by org.testng.reporters.JUnitReportReporter -->
<testsuite hostname="LIN33000931" failures="0" tests="1" name="Assignments.Flipckart" time="74.883" errors="0" timestamp="2022-10-13T18:50:36 IST" skipped="0">
  <testcase classname="Assignments.Flipckart" name="Test1" time="74.883"/>
  <system-out/>
</testsuite> <!-- Assignments.Flipckart -->
