<?xml version="1.0" encoding="UTF-8"?>
<!-- Generated by org.testng.reporters.JUnitReportReporter -->
<testsuite hostname="LIN33000931" failures="0" tests="4" name="Package3.DataDriven" time="4.025" errors="0" timestamp="2022-10-12T10:30:30 IST" skipped="1">
  <testcase classname="Package3.DataDriven" name="a" time="2.012"/>
  <system-out/>
  <testcase classname="Package3.DataDriven" name="e" time="0.008"/>
  <system-out/>
  <testcase classname="Package3.DataDriven" name="b" time="2.005"/>
  <system-out/>
  <testcase classname="Package3.DataDriven" name="d">
    <skipped/>
  </testcase> <!-- d -->
  <system-out/>
</testsuite> <!-- Package3.DataDriven -->
