<?xml version="1.0" encoding="UTF-8"?>
<!-- Generated by org.testng.reporters.JUnitReportReporter -->
<testsuite hostname="LIN33000931" failures="0" tests="1" name="Package3.JavaScripExecuterTest" time="8.990" errors="0" timestamp="2022-10-13T17:22:23 IST" skipped="0">
  <testcase classname="Package3.JavaScripExecuterTest" name="Test1" time="8.990"/>
  <system-out/>
</testsuite> <!-- Package3.JavaScripExecuterTest -->
