<?xml version="1.0" encoding="UTF-8"?>
<!-- Generated by org.testng.reporters.JUnitReportReporter -->
<testsuite hostname="LIN33000931" failures="0" tests="1" name="Data_Driven.Data_Driven_Test1" time="48.041" errors="0" timestamp="2022-10-12T15:28:20 IST" skipped="0">
  <testcase classname="Data_Driven.Data_Driven_Test1" name="Test1" time="48.041"/>
  <system-out/>
</testsuite> <!-- Data_Driven.Data_Driven_Test1 -->
